execve("./hello", ["./hello"], 0x7ffee16ede68 /* 31 vars */) = 0 <0.000142>
arch_prctl(ARCH_SET_FS, 0x56eba8)       = 0 <0.000098>
sched_getaffinity(0, 8192, [0, 1, 2, 3]) = 8 <0.000011>
openat(AT_FDCWD, "/sys/kernel/mm/transparent_hugepage/hpage_pmd_size", O_RDONLY) = 3 <0.000018>
read(3, "2097152\n", 20)                = 8 <0.000012>
close(3)                                = 0 <0.000009>
mmap(NULL, 262144, PROT_READ|PROT_WRITE, MAP_PRIVATE|MAP_ANONYMOUS, -1, 0) = 0x7ff9c23b5000 <0.000010>
prctl(PR_SET_VMA, 0, 0x7ff9c23b5000, 0x40000, 0x7ffeb4c950d0) = -1 EINVAL (無効な引数です) <0.000008>
mmap(NULL, 131072, PROT_NONE, MAP_PRIVATE|MAP_ANONYMOUS, -1, 0) = 0x7ff9c2395000 <0.000008>
mmap(NULL, 1048576, PROT_NONE, MAP_PRIVATE|MAP_ANONYMOUS, -1, 0) = 0x7ff9c2295000 <0.000008>
mmap(NULL, 8388608, PROT_NONE, MAP_PRIVATE|MAP_ANONYMOUS, -1, 0) = 0x7ff9c1a95000 <0.000007>
mmap(NULL, 67108864, PROT_NONE, MAP_PRIVATE|MAP_ANONYMOUS, -1, 0) = 0x7ff9bda95000 <0.000007>
mmap(NULL, 536870912, PROT_NONE, MAP_PRIVATE|MAP_ANONYMOUS, -1, 0) = 0x7ff99da95000 <0.000007>
mmap(NULL, 536870912, PROT_NONE, MAP_PRIVATE|MAP_ANONYMOUS, -1, 0) = 0x7ff97da95000 <0.000007>
mmap(0xc000000000, 67108864, PROT_NONE, MAP_PRIVATE|MAP_ANONYMOUS, -1, 0) = 0xc000000000 <0.000008>
mmap(NULL, 33554432, PROT_READ|PROT_WRITE, MAP_PRIVATE|MAP_ANONYMOUS, -1, 0) = 0x7ff97ba95000 <0.000008>
madvise(0x7ff97ba95000, 33554432, MADV_NOHUGEPAGE) = 0 <0.000008>
mmap(NULL, 69648, PROT_READ|PROT_WRITE, MAP_PRIVATE|MAP_ANONYMOUS, -1, 0) = 0x7ff97ba83000 <0.000008>
mmap(0xc000000000, 4194304, PROT_READ|PROT_WRITE, MAP_PRIVATE|MAP_FIXED|MAP_ANONYMOUS, -1, 0) = 0xc000000000 <0.000010>
mmap(0x7ff9c2395000, 131072, PROT_READ|PROT_WRITE, MAP_PRIVATE|MAP_FIXED|MAP_ANONYMOUS, -1, 0) = 0x7ff9c2395000 <0.000010>
mmap(0x7ff9c2315000, 4096, PROT_READ|PROT_WRITE, MAP_PRIVATE|MAP_FIXED|MAP_ANONYMOUS, -1, 0) = 0x7ff9c2315000 <0.000010>
mmap(0x7ff9c1e9b000, 4096, PROT_READ|PROT_WRITE, MAP_PRIVATE|MAP_FIXED|MAP_ANONYMOUS, -1, 0) = 0x7ff9c1e9b000 <0.000010>
mmap(0x7ff9bfac5000, 4096, PROT_READ|PROT_WRITE, MAP_PRIVATE|MAP_FIXED|MAP_ANONYMOUS, -1, 0) = 0x7ff9bfac5000 <0.000010>
mmap(0x7ff9adc15000, 4096, PROT_READ|PROT_WRITE, MAP_PRIVATE|MAP_FIXED|MAP_ANONYMOUS, -1, 0) = 0x7ff9adc15000 <0.000009>
mmap(0x7ff98dc15000, 4096, PROT_READ|PROT_WRITE, MAP_PRIVATE|MAP_FIXED|MAP_ANONYMOUS, -1, 0) = 0x7ff98dc15000 <0.000009>
mmap(NULL, 1048576, PROT_READ|PROT_WRITE, MAP_PRIVATE|MAP_ANONYMOUS, -1, 0) = 0x7ff97b983000 <0.000007>
madvise(0x7ff97b983000, 1048576, MADV_NOHUGEPAGE) = 0 <0.000007>
mmap(NULL, 65536, PROT_READ|PROT_WRITE, MAP_PRIVATE|MAP_ANONYMOUS, -1, 0) = 0x7ff97b973000 <0.000009>
mmap(NULL, 65536, PROT_READ|PROT_WRITE, MAP_PRIVATE|MAP_ANONYMOUS, -1, 0) = 0x7ff97b963000 <0.000008>
rt_sigprocmask(SIG_SETMASK, NULL, [], 8) = 0 <0.000008>
fcntl(0, F_GETFD)                       = 0 <0.000008>
fcntl(1, F_GETFD)                       = 0 <0.000008>
fcntl(2, F_GETFD)                       = 0 <0.000007>
mmap(NULL, 1439992, PROT_READ|PROT_WRITE, MAP_PRIVATE|MAP_ANONYMOUS, -1, 0) = 0x7ff97b803000 <0.000009>
openat(AT_FDCWD, "/proc/self/mountinfo", O_RDONLY|O_CLOEXEC) = 3 <0.000022>
read(3, "24 29 0:22 / /sys rw,nosuid,node"..., 65536) = 4020 <0.000122>
close(3)                                = 0 <0.000010>
openat(AT_FDCWD, "/proc/self/cgroup", O_RDONLY|O_CLOEXEC) = 3 <0.000015>
read(3, "13:misc:/\n12:hugetlb:/\n11:memory"..., 65536) = 387 <0.000022>
close(3)                                = 0 <0.000008>
openat(AT_FDCWD, "/sys/fs/cgroup/cpu,cpuacct/user.slice/cpu.cfs_quota_us", O_RDONLY|O_CLOEXEC) = 3 <0.000015>
openat(AT_FDCWD, "/sys/fs/cgroup/cpu,cpuacct/user.slice/cpu.cfs_period_us", O_RDONLY|O_CLOEXEC) = 4 <0.000011>
pread64(3, "-1\n", 64, 0)               = 3 <0.000009>
sigaltstack(NULL, {ss_sp=NULL, ss_flags=SS_DISABLE, ss_size=0}) = 0 <0.000008>
sigaltstack({ss_sp=0xc000006000, ss_flags=0, ss_size=32768}, NULL) = 0 <0.000008>
rt_sigprocmask(SIG_SETMASK, [], NULL, 8) = 0 <0.000007>
gettid()                                = 340780 <0.000007>
rt_sigaction(SIGHUP, NULL, {sa_handler=SIG_DFL, sa_mask=[], sa_flags=0}, 8) = 0 <0.000007>
rt_sigaction(SIGHUP, {sa_handler=0x475b40, sa_mask=~[], sa_flags=SA_RESTORER|SA_ONSTACK|SA_RESTART|SA_SIGINFO, sa_restorer=0x475c80}, NULL, 8) = 0 <0.000007>
rt_sigaction(SIGINT, NULL, {sa_handler=SIG_DFL, sa_mask=[], sa_flags=0}, 8) = 0 <0.000007>
rt_sigaction(SIGINT, {sa_handler=0x475b40, sa_mask=~[], sa_flags=SA_RESTORER|SA_ONSTACK|SA_RESTART|SA_SIGINFO, sa_restorer=0x475c80}, NULL, 8) = 0 <0.000007>
rt_sigaction(SIGQUIT, NULL, {sa_handler=SIG_DFL, sa_mask=[], sa_flags=0}, 8) = 0 <0.000007>
rt_sigaction(SIGQUIT, {sa_handler=0x475b40, sa_mask=~[], sa_flags=SA_RESTORER|SA_ONSTACK|SA_RESTART|SA_SIGINFO, sa_restorer=0x475c80}, NULL, 8) = 0 <0.000007>
rt_sigaction(SIGILL, NULL, {sa_handler=SIG_DFL, sa_mask=[], sa_flags=0}, 8) = 0 <0.000007>
rt_sigaction(SIGILL, {sa_handler=0x475b40, sa_mask=~[], sa_flags=SA_RESTORER|SA_ONSTACK|SA_RESTART|SA_SIGINFO, sa_restorer=0x475c80}, NULL, 8) = 0 <0.000007>
rt_sigaction(SIGTRAP, NULL, {sa_handler=SIG_DFL, sa_mask=[], sa_flags=0}, 8) = 0 <0.000007>
rt_sigaction(SIGTRAP, {sa_handler=0x475b40, sa_mask=~[], sa_flags=SA_RESTORER|SA_ONSTACK|SA_RESTART|SA_SIGINFO, sa_restorer=0x475c80}, NULL, 8) = 0 <0.000007>
rt_sigaction(SIGABRT, NULL, {sa_handler=SIG_DFL, sa_mask=[], sa_flags=0}, 8) = 0 <0.000007>
rt_sigaction(SIGABRT, {sa_handler=0x475b40, sa_mask=~[], sa_flags=SA_RESTORER|SA_ONSTACK|SA_RESTART|SA_SIGINFO, sa_restorer=0x475c80}, NULL, 8) = 0 <0.000007>
rt_sigaction(SIGBUS, NULL, {sa_handler=SIG_DFL, sa_mask=[], sa_flags=0}, 8) = 0 <0.000007>
rt_sigaction(SIGBUS, {sa_handler=0x475b40, sa_mask=~[], sa_flags=SA_RESTORER|SA_ONSTACK|SA_RESTART|SA_SIGINFO, sa_restorer=0x475c80}, NULL, 8) = 0 <0.000007>
rt_sigaction(SIGFPE, NULL, {sa_handler=SIG_DFL, sa_mask=[], sa_flags=0}, 8) = 0 <0.000007>
rt_sigaction(SIGFPE, {sa_handler=0x475b40, sa_mask=~[], sa_flags=SA_RESTORER|SA_ONSTACK|SA_RESTART|SA_SIGINFO, sa_restorer=0x475c80}, NULL, 8) = 0 <0.000007>
rt_sigaction(SIGUSR1, NULL, {sa_handler=SIG_DFL, sa_mask=[], sa_flags=0}, 8) = 0 <0.000007>
rt_sigaction(SIGUSR1, {sa_handler=0x475b40, sa_mask=~[], sa_flags=SA_RESTORER|SA_ONSTACK|SA_RESTART|SA_SIGINFO, sa_restorer=0x475c80}, NULL, 8) = 0 <0.000007>
rt_sigaction(SIGSEGV, NULL, {sa_handler=SIG_DFL, sa_mask=[], sa_flags=0}, 8) = 0 <0.000007>
rt_sigaction(SIGSEGV, {sa_handler=0x475b40, sa_mask=~[], sa_flags=SA_RESTORER|SA_ONSTACK|SA_RESTART|SA_SIGINFO, sa_restorer=0x475c80}, NULL, 8) = 0 <0.000007>
rt_sigaction(SIGUSR2, NULL, {sa_handler=SIG_DFL, sa_mask=[], sa_flags=0}, 8) = 0 <0.000007>
rt_sigaction(SIGUSR2, {sa_handler=0x475b40, sa_mask=~[], sa_flags=SA_RESTORER|SA_ONSTACK|SA_RESTART|SA_SIGINFO, sa_restorer=0x475c80}, NULL, 8) = 0 <0.000007>
rt_sigaction(SIGPIPE, NULL, {sa_handler=SIG_DFL, sa_mask=[], sa_flags=0}, 8) = 0 <0.000007>
rt_sigaction(SIGPIPE, {sa_handler=0x475b40, sa_mask=~[], sa_flags=SA_RESTORER|SA_ONSTACK|SA_RESTART|SA_SIGINFO, sa_restorer=0x475c80}, NULL, 8) = 0 <0.000007>
rt_sigaction(SIGALRM, NULL, {sa_handler=SIG_DFL, sa_mask=[], sa_flags=0}, 8) = 0 <0.000007>
rt_sigaction(SIGALRM, {sa_handler=0x475b40, sa_mask=~[], sa_flags=SA_RESTORER|SA_ONSTACK|SA_RESTART|SA_SIGINFO, sa_restorer=0x475c80}, NULL, 8) = 0 <0.000007>
rt_sigaction(SIGTERM, NULL, {sa_handler=SIG_DFL, sa_mask=[], sa_flags=0}, 8) = 0 <0.000007>
rt_sigaction(SIGTERM, {sa_handler=0x475b40, sa_mask=~[], sa_flags=SA_RESTORER|SA_ONSTACK|SA_RESTART|SA_SIGINFO, sa_restorer=0x475c80}, NULL, 8) = 0 <0.000007>
rt_sigaction(SIGSTKFLT, NULL, {sa_handler=SIG_DFL, sa_mask=[], sa_flags=0}, 8) = 0 <0.000007>
rt_sigaction(SIGSTKFLT, {sa_handler=0x475b40, sa_mask=~[], sa_flags=SA_RESTORER|SA_ONSTACK|SA_RESTART|SA_SIGINFO, sa_restorer=0x475c80}, NULL, 8) = 0 <0.000007>
rt_sigaction(SIGCHLD, NULL, {sa_handler=SIG_DFL, sa_mask=[], sa_flags=0}, 8) = 0 <0.000007>
rt_sigaction(SIGCHLD, {sa_handler=0x475b40, sa_mask=~[], sa_flags=SA_RESTORER|SA_ONSTACK|SA_RESTART|SA_SIGINFO, sa_restorer=0x475c80}, NULL, 8) = 0 <0.000007>
rt_sigaction(SIGURG, NULL, {sa_handler=SIG_DFL, sa_mask=[], sa_flags=0}, 8) = 0 <0.000007>
rt_sigaction(SIGURG, {sa_handler=0x475b40, sa_mask=~[], sa_flags=SA_RESTORER|SA_ONSTACK|SA_RESTART|SA_SIGINFO, sa_restorer=0x475c80}, NULL, 8) = 0 <0.000007>
rt_sigaction(SIGXCPU, NULL, {sa_handler=SIG_DFL, sa_mask=[], sa_flags=0}, 8) = 0 <0.000007>
rt_sigaction(SIGXCPU, {sa_handler=0x475b40, sa_mask=~[], sa_flags=SA_RESTORER|SA_ONSTACK|SA_RESTART|SA_SIGINFO, sa_restorer=0x475c80}, NULL, 8) = 0 <0.000007>
rt_sigaction(SIGXFSZ, NULL, {sa_handler=SIG_DFL, sa_mask=[], sa_flags=0}, 8) = 0 <0.000007>
rt_sigaction(SIGXFSZ, {sa_handler=0x475b40, sa_mask=~[], sa_flags=SA_RESTORER|SA_ONSTACK|SA_RESTART|SA_SIGINFO, sa_restorer=0x475c80}, NULL, 8) = 0 <0.000007>
rt_sigaction(SIGVTALRM, NULL, {sa_handler=SIG_DFL, sa_mask=[], sa_flags=0}, 8) = 0 <0.000007>
rt_sigaction(SIGVTALRM, {sa_handler=0x475b40, sa_mask=~[], sa_flags=SA_RESTORER|SA_ONSTACK|SA_RESTART|SA_SIGINFO, sa_restorer=0x475c80}, NULL, 8) = 0 <0.000007>
rt_sigaction(SIGPROF, NULL, {sa_handler=SIG_DFL, sa_mask=[], sa_flags=0}, 8) = 0 <0.000007>
rt_sigaction(SIGPROF, {sa_handler=0x475b40, sa_mask=~[], sa_flags=SA_RESTORER|SA_ONSTACK|SA_RESTART|SA_SIGINFO, sa_restorer=0x475c80}, NULL, 8) = 0 <0.000007>
rt_sigaction(SIGWINCH, NULL, {sa_handler=SIG_DFL, sa_mask=[], sa_flags=0}, 8) = 0 <0.000007>
rt_sigaction(SIGWINCH, {sa_handler=0x475b40, sa_mask=~[], sa_flags=SA_RESTORER|SA_ONSTACK|SA_RESTART|SA_SIGINFO, sa_restorer=0x475c80}, NULL, 8) = 0 <0.000007>
rt_sigaction(SIGIO, NULL, {sa_handler=SIG_DFL, sa_mask=[], sa_flags=0}, 8) = 0 <0.000009>
rt_sigaction(SIGIO, {sa_handler=0x475b40, sa_mask=~[], sa_flags=SA_RESTORER|SA_ONSTACK|SA_RESTART|SA_SIGINFO, sa_restorer=0x475c80}, NULL, 8) = 0 <0.000007>
rt_sigaction(SIGPWR, NULL, {sa_handler=SIG_DFL, sa_mask=[], sa_flags=0}, 8) = 0 <0.000007>
rt_sigaction(SIGPWR, {sa_handler=0x475b40, sa_mask=~[], sa_flags=SA_RESTORER|SA_ONSTACK|SA_RESTART|SA_SIGINFO, sa_restorer=0x475c80}, NULL, 8) = 0 <0.000007>
rt_sigaction(SIGSYS, NULL, {sa_handler=SIG_DFL, sa_mask=[], sa_flags=0}, 8) = 0 <0.000007>
rt_sigaction(SIGSYS, {sa_handler=0x475b40, sa_mask=~[], sa_flags=SA_RESTORER|SA_ONSTACK|SA_RESTART|SA_SIGINFO, sa_restorer=0x475c80}, NULL, 8) = 0 <0.000007>
rt_sigaction(SIGRTMIN, NULL, {sa_handler=SIG_DFL, sa_mask=[], sa_flags=0}, 8) = 0 <0.000007>
rt_sigaction(SIGRT_1, NULL, {sa_handler=SIG_DFL, sa_mask=[], sa_flags=0}, 8) = 0 <0.000007>
rt_sigaction(SIGRT_1, {sa_handler=0x475b40, sa_mask=~[], sa_flags=SA_RESTORER|SA_ONSTACK|SA_RESTART|SA_SIGINFO, sa_restorer=0x475c80}, NULL, 8) = 0 <0.000007>
rt_sigaction(SIGRT_2, NULL, {sa_handler=SIG_DFL, sa_mask=[], sa_flags=0}, 8) = 0 <0.000007>
rt_sigaction(SIGRT_3, NULL, {sa_handler=SIG_DFL, sa_mask=[], sa_flags=0}, 8) = 0 <0.000007>
rt_sigaction(SIGRT_3, {sa_handler=0x475b40, sa_mask=~[], sa_flags=SA_RESTORER|SA_ONSTACK|SA_RESTART|SA_SIGINFO, sa_restorer=0x475c80}, NULL, 8) = 0 <0.000007>
rt_sigaction(SIGRT_4, NULL, {sa_handler=SIG_DFL, sa_mask=[], sa_flags=0}, 8) = 0 <0.000007>
rt_sigaction(SIGRT_4, {sa_handler=0x475b40, sa_mask=~[], sa_flags=SA_RESTORER|SA_ONSTACK|SA_RESTART|SA_SIGINFO, sa_restorer=0x475c80}, NULL, 8) = 0 <0.000007>
rt_sigaction(SIGRT_5, NULL, {sa_handler=SIG_DFL, sa_mask=[], sa_flags=0}, 8) = 0 <0.000007>
rt_sigaction(SIGRT_5, {sa_handler=0x475b40, sa_mask=~[], sa_flags=SA_RESTORER|SA_ONSTACK|SA_RESTART|SA_SIGINFO, sa_restorer=0x475c80}, NULL, 8) = 0 <0.000007>
rt_sigaction(SIGRT_6, NULL, {sa_handler=SIG_DFL, sa_mask=[], sa_flags=0}, 8) = 0 <0.000007>
rt_sigaction(SIGRT_6, {sa_handler=0x475b40, sa_mask=~[], sa_flags=SA_RESTORER|SA_ONSTACK|SA_RESTART|SA_SIGINFO, sa_restorer=0x475c80}, NULL, 8) = 0 <0.000007>
rt_sigaction(SIGRT_7, NULL, {sa_handler=SIG_DFL, sa_mask=[], sa_flags=0}, 8) = 0 <0.000007>
rt_sigaction(SIGRT_7, {sa_handler=0x475b40, sa_mask=~[], sa_flags=SA_RESTORER|SA_ONSTACK|SA_RESTART|SA_SIGINFO, sa_restorer=0x475c80}, NULL, 8) = 0 <0.000007>
rt_sigaction(SIGRT_8, NULL, {sa_handler=SIG_DFL, sa_mask=[], sa_flags=0}, 8) = 0 <0.000007>
rt_sigaction(SIGRT_8, {sa_handler=0x475b40, sa_mask=~[], sa_flags=SA_RESTORER|SA_ONSTACK|SA_RESTART|SA_SIGINFO, sa_restorer=0x475c80}, NULL, 8) = 0 <0.000007>
rt_sigaction(SIGRT_9, NULL, {sa_handler=SIG_DFL, sa_mask=[], sa_flags=0}, 8) = 0 <0.000007>
rt_sigaction(SIGRT_9, {sa_handler=0x475b40, sa_mask=~[], sa_flags=SA_RESTORER|SA_ONSTACK|SA_RESTART|SA_SIGINFO, sa_restorer=0x475c80}, NULL, 8) = 0 <0.000007>
rt_sigaction(SIGRT_10, NULL, {sa_handler=SIG_DFL, sa_mask=[], sa_flags=0}, 8) = 0 <0.000007>
rt_sigaction(SIGRT_10, {sa_handler=0x475b40, sa_mask=~[], sa_flags=SA_RESTORER|SA_ONSTACK|SA_RESTART|SA_SIGINFO, sa_restorer=0x475c80}, NULL, 8) = 0 <0.000007>
rt_sigaction(SIGRT_11, NULL, {sa_handler=SIG_DFL, sa_mask=[], sa_flags=0}, 8) = 0 <0.000007>
rt_sigaction(SIGRT_11, {sa_handler=0x475b40, sa_mask=~[], sa_flags=SA_RESTORER|SA_ONSTACK|SA_RESTART|SA_SIGINFO, sa_restorer=0x475c80}, NULL, 8) = 0 <0.000007>
rt_sigaction(SIGRT_12, NULL, {sa_handler=SIG_DFL, sa_mask=[], sa_flags=0}, 8) = 0 <0.000007>
rt_sigaction(SIGRT_12, {sa_handler=0x475b40, sa_mask=~[], sa_flags=SA_RESTORER|SA_ONSTACK|SA_RESTART|SA_SIGINFO, sa_restorer=0x475c80}, NULL, 8) = 0 <0.000007>
rt_sigaction(SIGRT_13, NULL, {sa_handler=SIG_DFL, sa_mask=[], sa_flags=0}, 8) = 0 <0.000007>
rt_sigaction(SIGRT_13, {sa_handler=0x475b40, sa_mask=~[], sa_flags=SA_RESTORER|SA_ONSTACK|SA_RESTART|SA_SIGINFO, sa_restorer=0x475c80}, NULL, 8) = 0 <0.000007>
rt_sigaction(SIGRT_14, NULL, {sa_handler=SIG_DFL, sa_mask=[], sa_flags=0}, 8) = 0 <0.000007>
rt_sigaction(SIGRT_14, {sa_handler=0x475b40, sa_mask=~[], sa_flags=SA_RESTORER|SA_ONSTACK|SA_RESTART|SA_SIGINFO, sa_restorer=0x475c80}, NULL, 8) = 0 <0.000007>
rt_sigaction(SIGRT_15, NULL, {sa_handler=SIG_DFL, sa_mask=[], sa_flags=0}, 8) = 0 <0.000007>
rt_sigaction(SIGRT_15, {sa_handler=0x475b40, sa_mask=~[], sa_flags=SA_RESTORER|SA_ONSTACK|SA_RESTART|SA_SIGINFO, sa_restorer=0x475c80}, NULL, 8) = 0 <0.000007>
rt_sigaction(SIGRT_16, NULL, {sa_handler=SIG_DFL, sa_mask=[], sa_flags=0}, 8) = 0 <0.000007>
rt_sigaction(SIGRT_16, {sa_handler=0x475b40, sa_mask=~[], sa_flags=SA_RESTORER|SA_ONSTACK|SA_RESTART|SA_SIGINFO, sa_restorer=0x475c80}, NULL, 8) = 0 <0.000007>
rt_sigaction(SIGRT_17, NULL, {sa_handler=SIG_DFL, sa_mask=[], sa_flags=0}, 8) = 0 <0.000007>
rt_sigaction(SIGRT_17, {sa_handler=0x475b40, sa_mask=~[], sa_flags=SA_RESTORER|SA_ONSTACK|SA_RESTART|SA_SIGINFO, sa_restorer=0x475c80}, NULL, 8) = 0 <0.000007>
rt_sigaction(SIGRT_18, NULL, {sa_handler=SIG_DFL, sa_mask=[], sa_flags=0}, 8) = 0 <0.000007>
rt_sigaction(SIGRT_18, {sa_handler=0x475b40, sa_mask=~[], sa_flags=SA_RESTORER|SA_ONSTACK|SA_RESTART|SA_SIGINFO, sa_restorer=0x475c80}, NULL, 8) = 0 <0.000007>
rt_sigaction(SIGRT_19, NULL, {sa_handler=SIG_DFL, sa_mask=[], sa_flags=0}, 8) = 0 <0.000007>
rt_sigaction(SIGRT_19, {sa_handler=0x475b40, sa_mask=~[], sa_flags=SA_RESTORER|SA_ONSTACK|SA_RESTART|SA_SIGINFO, sa_restorer=0x475c80}, NULL, 8) = 0 <0.000007>
rt_sigaction(SIGRT_20, NULL, {sa_handler=SIG_DFL, sa_mask=[], sa_flags=0}, 8) = 0 <0.000007>
rt_sigaction(SIGRT_20, {sa_handler=0x475b40, sa_mask=~[], sa_flags=SA_RESTORER|SA_ONSTACK|SA_RESTART|SA_SIGINFO, sa_restorer=0x475c80}, NULL, 8) = 0 <0.000007>
rt_sigaction(SIGRT_21, NULL, {sa_handler=SIG_DFL, sa_mask=[], sa_flags=0}, 8) = 0 <0.000007>
rt_sigaction(SIGRT_21, {sa_handler=0x475b40, sa_mask=~[], sa_flags=SA_RESTORER|SA_ONSTACK|SA_RESTART|SA_SIGINFO, sa_restorer=0x475c80}, NULL, 8) = 0 <0.000007>
rt_sigaction(SIGRT_22, NULL, {sa_handler=SIG_DFL, sa_mask=[], sa_flags=0}, 8) = 0 <0.000007>
rt_sigaction(SIGRT_22, {sa_handler=0x475b40, sa_mask=~[], sa_flags=SA_RESTORER|SA_ONSTACK|SA_RESTART|SA_SIGINFO, sa_restorer=0x475c80}, NULL, 8) = 0 <0.000007>
rt_sigaction(SIGRT_23, NULL, {sa_handler=SIG_DFL, sa_mask=[], sa_flags=0}, 8) = 0 <0.000007>
rt_sigaction(SIGRT_23, {sa_handler=0x475b40, sa_mask=~[], sa_flags=SA_RESTORER|SA_ONSTACK|SA_RESTART|SA_SIGINFO, sa_restorer=0x475c80}, NULL, 8) = 0 <0.000007>
rt_sigaction(SIGRT_24, NULL, {sa_handler=SIG_DFL, sa_mask=[], sa_flags=0}, 8) = 0 <0.000007>
rt_sigaction(SIGRT_24, {sa_handler=0x475b40, sa_mask=~[], sa_flags=SA_RESTORER|SA_ONSTACK|SA_RESTART|SA_SIGINFO, sa_restorer=0x475c80}, NULL, 8) = 0 <0.000007>
rt_sigaction(SIGRT_25, NULL, {sa_handler=SIG_DFL, sa_mask=[], sa_flags=0}, 8) = 0 <0.000007>
rt_sigaction(SIGRT_25, {sa_handler=0x475b40, sa_mask=~[], sa_flags=SA_RESTORER|SA_ONSTACK|SA_RESTART|SA_SIGINFO, sa_restorer=0x475c80}, NULL, 8) = 0 <0.000007>
rt_sigaction(SIGRT_26, NULL, {sa_handler=SIG_DFL, sa_mask=[], sa_flags=0}, 8) = 0 <0.000007>
rt_sigaction(SIGRT_26, {sa_handler=0x475b40, sa_mask=~[], sa_flags=SA_RESTORER|SA_ONSTACK|SA_RESTART|SA_SIGINFO, sa_restorer=0x475c80}, NULL, 8) = 0 <0.000007>
rt_sigaction(SIGRT_27, NULL, {sa_handler=SIG_DFL, sa_mask=[], sa_flags=0}, 8) = 0 <0.000007>
rt_sigaction(SIGRT_27, {sa_handler=0x475b40, sa_mask=~[], sa_flags=SA_RESTORER|SA_ONSTACK|SA_RESTART|SA_SIGINFO, sa_restorer=0x475c80}, NULL, 8) = 0 <0.000007>
rt_sigaction(SIGRT_28, NULL, {sa_handler=SIG_DFL, sa_mask=[], sa_flags=0}, 8) = 0 <0.000007>
rt_sigaction(SIGRT_28, {sa_handler=0x475b40, sa_mask=~[], sa_flags=SA_RESTORER|SA_ONSTACK|SA_RESTART|SA_SIGINFO, sa_restorer=0x475c80}, NULL, 8) = 0 <0.000007>
rt_sigaction(SIGRT_29, NULL, {sa_handler=SIG_DFL, sa_mask=[], sa_flags=0}, 8) = 0 <0.000007>
rt_sigaction(SIGRT_29, {sa_handler=0x475b40, sa_mask=~[], sa_flags=SA_RESTORER|SA_ONSTACK|SA_RESTART|SA_SIGINFO, sa_restorer=0x475c80}, NULL, 8) = 0 <0.000007>
rt_sigaction(SIGRT_30, NULL, {sa_handler=SIG_DFL, sa_mask=[], sa_flags=0}, 8) = 0 <0.000007>
rt_sigaction(SIGRT_30, {sa_handler=0x475b40, sa_mask=~[], sa_flags=SA_RESTORER|SA_ONSTACK|SA_RESTART|SA_SIGINFO, sa_restorer=0x475c80}, NULL, 8) = 0 <0.000007>
rt_sigaction(SIGRT_31, NULL, {sa_handler=SIG_DFL, sa_mask=[], sa_flags=0}, 8) = 0 <0.000007>
rt_sigaction(SIGRT_31, {sa_handler=0x475b40, sa_mask=~[], sa_flags=SA_RESTORER|SA_ONSTACK|SA_RESTART|SA_SIGINFO, sa_restorer=0x475c80}, NULL, 8) = 0 <0.000007>
rt_sigaction(SIGRT_32, NULL, {sa_handler=SIG_DFL, sa_mask=[], sa_flags=0}, 8) = 0 <0.000007>
rt_sigaction(SIGRT_32, {sa_handler=0x475b40, sa_mask=~[], sa_flags=SA_RESTORER|SA_ONSTACK|SA_RESTART|SA_SIGINFO, sa_restorer=0x475c80}, NULL, 8) = 0 <0.000007>
rt_sigprocmask(SIG_SETMASK, ~[], [], 8) = 0 <0.000008>
clone(child_stack=0xc000028000, flags=CLONE_VM|CLONE_FS|CLONE_FILES|CLONE_SIGHAND|CLONE_THREAD|CLONE_SYSVSEM|CLONE_SETTLS, tls=0xc000044090) = 340781 <0.000036>
rt_sigprocmask(SIG_SETMASK, [], NULL, 8) = 0 <0.000008>
mmap(NULL, 262144, PROT_READ|PROT_WRITE, MAP_PRIVATE|MAP_ANONYMOUS, -1, 0) = 0x7ff97b7c3000 <0.000020>
--- SIGURG {si_signo=SIGURG, si_code=SI_TKILL, si_pid=340780, si_uid=1000} ---
rt_sigreturn({mask=[]})                 = 140709495320576 <0.000013>
--- SIGURG {si_signo=SIGURG, si_code=SI_TKILL, si_pid=340780, si_uid=1000} ---
rt_sigreturn({mask=[]})                 = 2147483648 <0.000007>
rt_sigprocmask(SIG_SETMASK, ~[], [], 8) = 0 <0.000009>
clone(child_stack=0xc000060000, flags=CLONE_VM|CLONE_FS|CLONE_FILES|CLONE_SIGHAND|CLONE_THREAD|CLONE_SYSVSEM|CLONE_SETTLS, tls=0xc000044890) = 340782 <0.000020>
rt_sigprocmask(SIG_SETMASK, [], NULL, 8) = 0 <0.000007>
--- SIGURG {si_signo=SIGURG, si_code=SI_TKILL, si_pid=340780, si_uid=1000} ---
rt_sigreturn({mask=[]})                 = 0 <0.000010>
rt_sigprocmask(SIG_SETMASK, ~[], [], 8) = 0 <0.000011>
clone(child_stack=0xc000070000, flags=CLONE_VM|CLONE_FS|CLONE_FILES|CLONE_SIGHAND|CLONE_THREAD|CLONE_SYSVSEM|CLONE_SETTLS, tls=0xc000045090) = 340784 <0.000027>
rt_sigprocmask(SIG_SETMASK, [], NULL, 8) = 0 <0.000007>
futex(0xc000045158, FUTEX_WAKE_PRIVATE, 1) = 1 <0.000010>
futex(0xc000080158, FUTEX_WAKE_PRIVATE, 1) = 1 <0.000012>
futex(0xc000080158, FUTEX_WAKE_PRIVATE, 1) = 1 <0.000014>
futex(0xc000080158, FUTEX_WAKE_PRIVATE, 1) = 1 <0.000011>
prlimit64(0, RLIMIT_NOFILE, NULL, {rlim_cur=1024, rlim_max=1024*1024}) = 0 <0.000009>
prlimit64(0, RLIMIT_NOFILE, {rlim_cur=1048575, rlim_max=1024*1024}, NULL) = 0 <0.000009>
fcntl(0, F_GETFL)                       = 0x2 (flags O_RDWR) <0.000008>
futex(0xc000044958, FUTEX_WAKE_PRIVATE, 1) = 1 <0.000018>
fcntl(1, F_GETFL)                       = 0x2 (flags O_RDWR) <0.000011>
fcntl(2, F_GETFL)                       = 0x2 (flags O_RDWR) <0.000008>
write(1, "hello world\n", 12)           = 12 <0.000027>
exit_group(0)                           = ?
+++ exited with 0 +++
